<?xml version="1.0" encoding="UTF-8"?>
<testsuite xmlns:xsi="http://www.w3.org/2001/XMLSchema-instance" xsi:noNamespaceSchemaLocation="https://maven.apache.org/surefire/maven-surefire-plugin/xsd/surefire-test-report.xsd" name="com.xx.EmsJspApplicationTests" time="2.983" tests="1" errors="0" skipped="0" failures="0">
  <properties>
    <property name="sun.desktop" value="windows"/>
    <property name="awt.toolkit" value="sun.awt.windows.WToolkit"/>
    <property name="file.encoding.pkg" value="sun.io"/>
    <property name="java.specification.version" value="1.8"/>
    <property name="sun.cpu.isalist" value="amd64"/>
    <property name="sun.jnu.encoding" value="GBK"/>
    <property name="java.class.path" value="D:\workspace_idea\springboot\ems-jsp\target\test-classes;D:\workspace_idea\springboot\ems-jsp\target\classes;D:\ProgramFiles\apache-maven-3.8.4\maven-repo\org\springframework\boot\spring-boot-starter-web\2.6.1\spring-boot-starter-web-2.6.1.jar;D:\ProgramFiles\apache-maven-3.8.4\maven-repo\org\springframework\boot\spring-boot-starter\2.6.1\spring-boot-starter-2.6.1.jar;D:\ProgramFiles\apache-maven-3.8.4\maven-repo\org\springframework\boot\spring-boot-starter-logging\2.6.1\spring-boot-starter-logging-2.6.1.jar;D:\ProgramFiles\apache-maven-3.8.4\maven-repo\ch\qos\logback\logback-classic\1.2.7\logback-classic-1.2.7.jar;D:\ProgramFiles\apache-maven-3.8.4\maven-repo\ch\qos\logback\logback-core\1.2.7\logback-core-1.2.7.jar;D:\ProgramFiles\apache-maven-3.8.4\maven-repo\org\apache\logging\log4j\log4j-to-slf4j\2.14.1\log4j-to-slf4j-2.14.1.jar;D:\ProgramFiles\apache-maven-3.8.4\maven-repo\org\apache\logging\log4j\log4j-api\2.14.1\log4j-api-2.14.1.jar;D:\ProgramFiles\apache-maven-3.8.4\maven-repo\org\slf4j\jul-to-slf4j\1.7.32\jul-to-slf4j-1.7.32.jar;D:\ProgramFiles\apache-maven-3.8.4\maven-repo\jakarta\annotation\jakarta.annotation-api\1.3.5\jakarta.annotation-api-1.3.5.jar;D:\ProgramFiles\apache-maven-3.8.4\maven-repo\org\yaml\snakeyaml\1.29\snakeyaml-1.29.jar;D:\ProgramFiles\apache-maven-3.8.4\maven-repo\org\springframework\boot\spring-boot-starter-json\2.6.1\spring-boot-starter-json-2.6.1.jar;D:\ProgramFiles\apache-maven-3.8.4\maven-repo\com\fasterxml\jackson\core\jackson-databind\2.13.0\jackson-databind-2.13.0.jar;D:\ProgramFiles\apache-maven-3.8.4\maven-repo\com\fasterxml\jackson\core\jackson-annotations\2.13.0\jackson-annotations-2.13.0.jar;D:\ProgramFiles\apache-maven-3.8.4\maven-repo\com\fasterxml\jackson\core\jackson-core\2.13.0\jackson-core-2.13.0.jar;D:\ProgramFiles\apache-maven-3.8.4\maven-repo\com\fasterxml\jackson\datatype\jackson-datatype-jdk8\2.13.0\jackson-datatype-jdk8-2.13.0.jar;D:\ProgramFiles\apache-maven-3.8.4\maven-repo\com\fasterxml\jackson\datatype\jackson-datatype-jsr310\2.13.0\jackson-datatype-jsr310-2.13.0.jar;D:\ProgramFiles\apache-maven-3.8.4\maven-repo\com\fasterxml\jackson\module\jackson-module-parameter-names\2.13.0\jackson-module-parameter-names-2.13.0.jar;D:\ProgramFiles\apache-maven-3.8.4\maven-repo\org\springframework\boot\spring-boot-starter-tomcat\2.6.1\spring-boot-starter-tomcat-2.6.1.jar;D:\ProgramFiles\apache-maven-3.8.4\maven-repo\org\apache\tomcat\embed\tomcat-embed-websocket\9.0.55\tomcat-embed-websocket-9.0.55.jar;D:\ProgramFiles\apache-maven-3.8.4\maven-repo\org\springframework\spring-web\5.3.13\spring-web-5.3.13.jar;D:\ProgramFiles\apache-maven-3.8.4\maven-repo\org\springframework\spring-beans\5.3.13\spring-beans-5.3.13.jar;D:\ProgramFiles\apache-maven-3.8.4\maven-repo\org\springframework\spring-webmvc\5.3.13\spring-webmvc-5.3.13.jar;D:\ProgramFiles\apache-maven-3.8.4\maven-repo\org\springframework\spring-aop\5.3.13\spring-aop-5.3.13.jar;D:\ProgramFiles\apache-maven-3.8.4\maven-repo\org\springframework\spring-context\5.3.13\spring-context-5.3.13.jar;D:\ProgramFiles\apache-maven-3.8.4\maven-repo\org\springframework\spring-expression\5.3.13\spring-expression-5.3.13.jar;D:\ProgramFiles\apache-maven-3.8.4\maven-repo\org\springframework\boot\spring-boot-starter-test\2.6.1\spring-boot-starter-test-2.6.1.jar;D:\ProgramFiles\apache-maven-3.8.4\maven-repo\org\springframework\boot\spring-boot-test\2.6.1\spring-boot-test-2.6.1.jar;D:\ProgramFiles\apache-maven-3.8.4\maven-repo\org\springframework\boot\spring-boot-test-autoconfigure\2.6.1\spring-boot-test-autoconfigure-2.6.1.jar;D:\ProgramFiles\apache-maven-3.8.4\maven-repo\com\jayway\jsonpath\json-path\2.6.0\json-path-2.6.0.jar;D:\ProgramFiles\apache-maven-3.8.4\maven-repo\net\minidev\json-smart\2.4.7\json-smart-2.4.7.jar;D:\ProgramFiles\apache-maven-3.8.4\maven-repo\net\minidev\accessors-smart\2.4.7\accessors-smart-2.4.7.jar;D:\ProgramFiles\apache-maven-3.8.4\maven-repo\org\ow2\asm\asm\9.1\asm-9.1.jar;D:\ProgramFiles\apache-maven-3.8.4\maven-repo\jakarta\xml\bind\jakarta.xml.bind-api\2.3.3\jakarta.xml.bind-api-2.3.3.jar;D:\ProgramFiles\apache-maven-3.8.4\maven-repo\jakarta\activation\jakarta.activation-api\1.2.2\jakarta.activation-api-1.2.2.jar;D:\ProgramFiles\apache-maven-3.8.4\maven-repo\org\assertj\assertj-core\3.21.0\assertj-core-3.21.0.jar;D:\ProgramFiles\apache-maven-3.8.4\maven-repo\org\hamcrest\hamcrest\2.2\hamcrest-2.2.jar;D:\ProgramFiles\apache-maven-3.8.4\maven-repo\org\junit\jupiter\junit-jupiter\5.8.1\junit-jupiter-5.8.1.jar;D:\ProgramFiles\apache-maven-3.8.4\maven-repo\org\junit\jupiter\junit-jupiter-api\5.8.1\junit-jupiter-api-5.8.1.jar;D:\ProgramFiles\apache-maven-3.8.4\maven-repo\org\opentest4j\opentest4j\1.2.0\opentest4j-1.2.0.jar;D:\ProgramFiles\apache-maven-3.8.4\maven-repo\org\junit\platform\junit-platform-commons\1.8.1\junit-platform-commons-1.8.1.jar;D:\ProgramFiles\apache-maven-3.8.4\maven-repo\org\apiguardian\apiguardian-api\1.1.2\apiguardian-api-1.1.2.jar;D:\ProgramFiles\apache-maven-3.8.4\maven-repo\org\junit\jupiter\junit-jupiter-params\5.8.1\junit-jupiter-params-5.8.1.jar;D:\ProgramFiles\apache-maven-3.8.4\maven-repo\org\junit\jupiter\junit-jupiter-engine\5.8.1\junit-jupiter-engine-5.8.1.jar;D:\ProgramFiles\apache-maven-3.8.4\maven-repo\org\junit\platform\junit-platform-engine\1.8.1\junit-platform-engine-1.8.1.jar;D:\ProgramFiles\apache-maven-3.8.4\maven-repo\org\mockito\mockito-core\4.0.0\mockito-core-4.0.0.jar;D:\ProgramFiles\apache-maven-3.8.4\maven-repo\net\bytebuddy\byte-buddy\1.11.22\byte-buddy-1.11.22.jar;D:\ProgramFiles\apache-maven-3.8.4\maven-repo\net\bytebuddy\byte-buddy-agent\1.11.22\byte-buddy-agent-1.11.22.jar;D:\ProgramFiles\apache-maven-3.8.4\maven-repo\org\objenesis\objenesis\3.2\objenesis-3.2.jar;D:\ProgramFiles\apache-maven-3.8.4\maven-repo\org\mockito\mockito-junit-jupiter\4.0.0\mockito-junit-jupiter-4.0.0.jar;D:\ProgramFiles\apache-maven-3.8.4\maven-repo\org\skyscreamer\jsonassert\1.5.0\jsonassert-1.5.0.jar;D:\ProgramFiles\apache-maven-3.8.4\maven-repo\com\vaadin\external\google\android-json\0.0.20131108.vaadin1\android-json-0.0.20131108.vaadin1.jar;D:\ProgramFiles\apache-maven-3.8.4\maven-repo\org\springframework\spring-core\5.3.13\spring-core-5.3.13.jar;D:\ProgramFiles\apache-maven-3.8.4\maven-repo\org\springframework\spring-jcl\5.3.13\spring-jcl-5.3.13.jar;D:\ProgramFiles\apache-maven-3.8.4\maven-repo\org\springframework\spring-test\5.3.13\spring-test-5.3.13.jar;D:\ProgramFiles\apache-maven-3.8.4\maven-repo\org\xmlunit\xmlunit-core\2.8.3\xmlunit-core-2.8.3.jar;D:\ProgramFiles\apache-maven-3.8.4\maven-repo\org\apache\tomcat\embed\tomcat-embed-jasper\9.0.55\tomcat-embed-jasper-9.0.55.jar;D:\ProgramFiles\apache-maven-3.8.4\maven-repo\org\apache\tomcat\embed\tomcat-embed-core\9.0.55\tomcat-embed-core-9.0.55.jar;D:\ProgramFiles\apache-maven-3.8.4\maven-repo\org\apache\tomcat\tomcat-annotations-api\9.0.55\tomcat-annotations-api-9.0.55.jar;D:\ProgramFiles\apache-maven-3.8.4\maven-repo\org\apache\tomcat\embed\tomcat-embed-el\9.0.55\tomcat-embed-el-9.0.55.jar;D:\ProgramFiles\apache-maven-3.8.4\maven-repo\org\eclipse\jdt\ecj\3.18.0\ecj-3.18.0.jar;D:\ProgramFiles\apache-maven-3.8.4\maven-repo\jstl\jstl\1.2\jstl-1.2.jar;D:\ProgramFiles\apache-maven-3.8.4\maven-repo\org\springframework\boot\spring-boot-devtools\2.6.1\spring-boot-devtools-2.6.1.jar;D:\ProgramFiles\apache-maven-3.8.4\maven-repo\org\springframework\boot\spring-boot\2.6.1\spring-boot-2.6.1.jar;D:\ProgramFiles\apache-maven-3.8.4\maven-repo\org\springframework\boot\spring-boot-autoconfigure\2.6.1\spring-boot-autoconfigure-2.6.1.jar;D:\ProgramFiles\apache-maven-3.8.4\maven-repo\com\alibaba\druid-spring-boot-starter\1.1.18\druid-spring-boot-starter-1.1.18.jar;D:\ProgramFiles\apache-maven-3.8.4\maven-repo\com\alibaba\druid\1.1.18\druid-1.1.18.jar;D:\ProgramFiles\apache-maven-3.8.4\maven-repo\org\slf4j\slf4j-api\1.7.32\slf4j-api-1.7.32.jar;D:\ProgramFiles\apache-maven-3.8.4\maven-repo\mysql\mysql-connector-java\8.0.16\mysql-connector-java-8.0.16.jar;D:\ProgramFiles\apache-maven-3.8.4\maven-repo\org\mybatis\spring\boot\mybatis-spring-boot-starter\2.1.4\mybatis-spring-boot-starter-2.1.4.jar;D:\ProgramFiles\apache-maven-3.8.4\maven-repo\org\springframework\boot\spring-boot-starter-jdbc\2.6.1\spring-boot-starter-jdbc-2.6.1.jar;D:\ProgramFiles\apache-maven-3.8.4\maven-repo\com\zaxxer\HikariCP\4.0.3\HikariCP-4.0.3.jar;D:\ProgramFiles\apache-maven-3.8.4\maven-repo\org\springframework\spring-jdbc\5.3.13\spring-jdbc-5.3.13.jar;D:\ProgramFiles\apache-maven-3.8.4\maven-repo\org\springframework\spring-tx\5.3.13\spring-tx-5.3.13.jar;D:\ProgramFiles\apache-maven-3.8.4\maven-repo\org\mybatis\spring\boot\mybatis-spring-boot-autoconfigure\2.1.4\mybatis-spring-boot-autoconfigure-2.1.4.jar;D:\ProgramFiles\apache-maven-3.8.4\maven-repo\org\mybatis\mybatis\3.5.6\mybatis-3.5.6.jar;D:\ProgramFiles\apache-maven-3.8.4\maven-repo\org\mybatis\mybatis-spring\2.0.6\mybatis-spring-2.0.6.jar;"/>
    <property name="java.vm.vendor" value="Oracle Corporation"/>
    <property name="sun.arch.data.model" value="64"/>
    <property name="user.variant" value=""/>
    <property name="java.vendor.url" value="http://java.oracle.com/"/>
    <property name="user.timezone" value="Asia/Shanghai"/>
    <property name="java.vm.specification.version" value="1.8"/>
    <property name="os.name" value="Windows 10"/>
    <property name="user.country" value="CN"/>
    <property name="sun.java.launcher" value="SUN_STANDARD"/>
    <property name="sun.boot.library.path" value="D:\ProgramFiles\Java\jdk1.8.0_311\jre\bin"/>
    <property name="sun.java.command" value="C:\Users\xx\AppData\Local\Temp\surefire4659421755112859597\surefirebooter6052884474166732941.jar C:\Users\xx\AppData\Local\Temp\surefire4659421755112859597 2021-12-14T17-46-06_343-jvmRun1 surefire4974734165853935513tmp surefire_09179805918191182944tmp"/>
    <property name="surefire.test.class.path" value="D:\workspace_idea\springboot\ems-jsp\target\test-classes;D:\workspace_idea\springboot\ems-jsp\target\classes;D:\ProgramFiles\apache-maven-3.8.4\maven-repo\org\springframework\boot\spring-boot-starter-web\2.6.1\spring-boot-starter-web-2.6.1.jar;D:\ProgramFiles\apache-maven-3.8.4\maven-repo\org\springframework\boot\spring-boot-starter\2.6.1\spring-boot-starter-2.6.1.jar;D:\ProgramFiles\apache-maven-3.8.4\maven-repo\org\springframework\boot\spring-boot-starter-logging\2.6.1\spring-boot-starter-logging-2.6.1.jar;D:\ProgramFiles\apache-maven-3.8.4\maven-repo\ch\qos\logback\logback-classic\1.2.7\logback-classic-1.2.7.jar;D:\ProgramFiles\apache-maven-3.8.4\maven-repo\ch\qos\logback\logback-core\1.2.7\logback-core-1.2.7.jar;D:\ProgramFiles\apache-maven-3.8.4\maven-repo\org\apache\logging\log4j\log4j-to-slf4j\2.14.1\log4j-to-slf4j-2.14.1.jar;D:\ProgramFiles\apache-maven-3.8.4\maven-repo\org\apache\logging\log4j\log4j-api\2.14.1\log4j-api-2.14.1.jar;D:\ProgramFiles\apache-maven-3.8.4\maven-repo\org\slf4j\jul-to-slf4j\1.7.32\jul-to-slf4j-1.7.32.jar;D:\ProgramFiles\apache-maven-3.8.4\maven-repo\jakarta\annotation\jakarta.annotation-api\1.3.5\jakarta.annotation-api-1.3.5.jar;D:\ProgramFiles\apache-maven-3.8.4\maven-repo\org\yaml\snakeyaml\1.29\snakeyaml-1.29.jar;D:\ProgramFiles\apache-maven-3.8.4\maven-repo\org\springframework\boot\spring-boot-starter-json\2.6.1\spring-boot-starter-json-2.6.1.jar;D:\ProgramFiles\apache-maven-3.8.4\maven-repo\com\fasterxml\jackson\core\jackson-databind\2.13.0\jackson-databind-2.13.0.jar;D:\ProgramFiles\apache-maven-3.8.4\maven-repo\com\fasterxml\jackson\core\jackson-annotations\2.13.0\jackson-annotations-2.13.0.jar;D:\ProgramFiles\apache-maven-3.8.4\maven-repo\com\fasterxml\jackson\core\jackson-core\2.13.0\jackson-core-2.13.0.jar;D:\ProgramFiles\apache-maven-3.8.4\maven-repo\com\fasterxml\jackson\datatype\jackson-datatype-jdk8\2.13.0\jackson-datatype-jdk8-2.13.0.jar;D:\ProgramFiles\apache-maven-3.8.4\maven-repo\com\fasterxml\jackson\datatype\jackson-datatype-jsr310\2.13.0\jackson-datatype-jsr310-2.13.0.jar;D:\ProgramFiles\apache-maven-3.8.4\maven-repo\com\fasterxml\jackson\module\jackson-module-parameter-names\2.13.0\jackson-module-parameter-names-2.13.0.jar;D:\ProgramFiles\apache-maven-3.8.4\maven-repo\org\springframework\boot\spring-boot-starter-tomcat\2.6.1\spring-boot-starter-tomcat-2.6.1.jar;D:\ProgramFiles\apache-maven-3.8.4\maven-repo\org\apache\tomcat\embed\tomcat-embed-websocket\9.0.55\tomcat-embed-websocket-9.0.55.jar;D:\ProgramFiles\apache-maven-3.8.4\maven-repo\org\springframework\spring-web\5.3.13\spring-web-5.3.13.jar;D:\ProgramFiles\apache-maven-3.8.4\maven-repo\org\springframework\spring-beans\5.3.13\spring-beans-5.3.13.jar;D:\ProgramFiles\apache-maven-3.8.4\maven-repo\org\springframework\spring-webmvc\5.3.13\spring-webmvc-5.3.13.jar;D:\ProgramFiles\apache-maven-3.8.4\maven-repo\org\springframework\spring-aop\5.3.13\spring-aop-5.3.13.jar;D:\ProgramFiles\apache-maven-3.8.4\maven-repo\org\springframework\spring-context\5.3.13\spring-context-5.3.13.jar;D:\ProgramFiles\apache-maven-3.8.4\maven-repo\org\springframework\spring-expression\5.3.13\spring-expression-5.3.13.jar;D:\ProgramFiles\apache-maven-3.8.4\maven-repo\org\springframework\boot\spring-boot-starter-test\2.6.1\spring-boot-starter-test-2.6.1.jar;D:\ProgramFiles\apache-maven-3.8.4\maven-repo\org\springframework\boot\spring-boot-test\2.6.1\spring-boot-test-2.6.1.jar;D:\ProgramFiles\apache-maven-3.8.4\maven-repo\org\springframework\boot\spring-boot-test-autoconfigure\2.6.1\spring-boot-test-autoconfigure-2.6.1.jar;D:\ProgramFiles\apache-maven-3.8.4\maven-repo\com\jayway\jsonpath\json-path\2.6.0\json-path-2.6.0.jar;D:\ProgramFiles\apache-maven-3.8.4\maven-repo\net\minidev\json-smart\2.4.7\json-smart-2.4.7.jar;D:\ProgramFiles\apache-maven-3.8.4\maven-repo\net\minidev\accessors-smart\2.4.7\accessors-smart-2.4.7.jar;D:\ProgramFiles\apache-maven-3.8.4\maven-repo\org\ow2\asm\asm\9.1\asm-9.1.jar;D:\ProgramFiles\apache-maven-3.8.4\maven-repo\jakarta\xml\bind\jakarta.xml.bind-api\2.3.3\jakarta.xml.bind-api-2.3.3.jar;D:\ProgramFiles\apache-maven-3.8.4\maven-repo\jakarta\activation\jakarta.activation-api\1.2.2\jakarta.activation-api-1.2.2.jar;D:\ProgramFiles\apache-maven-3.8.4\maven-repo\org\assertj\assertj-core\3.21.0\assertj-core-3.21.0.jar;D:\ProgramFiles\apache-maven-3.8.4\maven-repo\org\hamcrest\hamcrest\2.2\hamcrest-2.2.jar;D:\ProgramFiles\apache-maven-3.8.4\maven-repo\org\junit\jupiter\junit-jupiter\5.8.1\junit-jupiter-5.8.1.jar;D:\ProgramFiles\apache-maven-3.8.4\maven-repo\org\junit\jupiter\junit-jupiter-api\5.8.1\junit-jupiter-api-5.8.1.jar;D:\ProgramFiles\apache-maven-3.8.4\maven-repo\org\opentest4j\opentest4j\1.2.0\opentest4j-1.2.0.jar;D:\ProgramFiles\apache-maven-3.8.4\maven-repo\org\junit\platform\junit-platform-commons\1.8.1\junit-platform-commons-1.8.1.jar;D:\ProgramFiles\apache-maven-3.8.4\maven-repo\org\apiguardian\apiguardian-api\1.1.2\apiguardian-api-1.1.2.jar;D:\ProgramFiles\apache-maven-3.8.4\maven-repo\org\junit\jupiter\junit-jupiter-params\5.8.1\junit-jupiter-params-5.8.1.jar;D:\ProgramFiles\apache-maven-3.8.4\maven-repo\org\junit\jupiter\junit-jupiter-engine\5.8.1\junit-jupiter-engine-5.8.1.jar;D:\ProgramFiles\apache-maven-3.8.4\maven-repo\org\junit\platform\junit-platform-engine\1.8.1\junit-platform-engine-1.8.1.jar;D:\ProgramFiles\apache-maven-3.8.4\maven-repo\org\mockito\mockito-core\4.0.0\mockito-core-4.0.0.jar;D:\ProgramFiles\apache-maven-3.8.4\maven-repo\net\bytebuddy\byte-buddy\1.11.22\byte-buddy-1.11.22.jar;D:\ProgramFiles\apache-maven-3.8.4\maven-repo\net\bytebuddy\byte-buddy-agent\1.11.22\byte-buddy-agent-1.11.22.jar;D:\ProgramFiles\apache-maven-3.8.4\maven-repo\org\objenesis\objenesis\3.2\objenesis-3.2.jar;D:\ProgramFiles\apache-maven-3.8.4\maven-repo\org\mockito\mockito-junit-jupiter\4.0.0\mockito-junit-jupiter-4.0.0.jar;D:\ProgramFiles\apache-maven-3.8.4\maven-repo\org\skyscreamer\jsonassert\1.5.0\jsonassert-1.5.0.jar;D:\ProgramFiles\apache-maven-3.8.4\maven-repo\com\vaadin\external\google\android-json\0.0.20131108.vaadin1\android-json-0.0.20131108.vaadin1.jar;D:\ProgramFiles\apache-maven-3.8.4\maven-repo\org\springframework\spring-core\5.3.13\spring-core-5.3.13.jar;D:\ProgramFiles\apache-maven-3.8.4\maven-repo\org\springframework\spring-jcl\5.3.13\spring-jcl-5.3.13.jar;D:\ProgramFiles\apache-maven-3.8.4\maven-repo\org\springframework\spring-test\5.3.13\spring-test-5.3.13.jar;D:\ProgramFiles\apache-maven-3.8.4\maven-repo\org\xmlunit\xmlunit-core\2.8.3\xmlunit-core-2.8.3.jar;D:\ProgramFiles\apache-maven-3.8.4\maven-repo\org\apache\tomcat\embed\tomcat-embed-jasper\9.0.55\tomcat-embed-jasper-9.0.55.jar;D:\ProgramFiles\apache-maven-3.8.4\maven-repo\org\apache\tomcat\embed\tomcat-embed-core\9.0.55\tomcat-embed-core-9.0.55.jar;D:\ProgramFiles\apache-maven-3.8.4\maven-repo\org\apache\tomcat\tomcat-annotations-api\9.0.55\tomcat-annotations-api-9.0.55.jar;D:\ProgramFiles\apache-maven-3.8.4\maven-repo\org\apache\tomcat\embed\tomcat-embed-el\9.0.55\tomcat-embed-el-9.0.55.jar;D:\ProgramFiles\apache-maven-3.8.4\maven-repo\org\eclipse\jdt\ecj\3.18.0\ecj-3.18.0.jar;D:\ProgramFiles\apache-maven-3.8.4\maven-repo\jstl\jstl\1.2\jstl-1.2.jar;D:\ProgramFiles\apache-maven-3.8.4\maven-repo\org\springframework\boot\spring-boot-devtools\2.6.1\spring-boot-devtools-2.6.1.jar;D:\ProgramFiles\apache-maven-3.8.4\maven-repo\org\springframework\boot\spring-boot\2.6.1\spring-boot-2.6.1.jar;D:\ProgramFiles\apache-maven-3.8.4\maven-repo\org\springframework\boot\spring-boot-autoconfigure\2.6.1\spring-boot-autoconfigure-2.6.1.jar;D:\ProgramFiles\apache-maven-3.8.4\maven-repo\com\alibaba\druid-spring-boot-starter\1.1.18\druid-spring-boot-starter-1.1.18.jar;D:\ProgramFiles\apache-maven-3.8.4\maven-repo\com\alibaba\druid\1.1.18\druid-1.1.18.jar;D:\ProgramFiles\apache-maven-3.8.4\maven-repo\org\slf4j\slf4j-api\1.7.32\slf4j-api-1.7.32.jar;D:\ProgramFiles\apache-maven-3.8.4\maven-repo\mysql\mysql-connector-java\8.0.16\mysql-connector-java-8.0.16.jar;D:\ProgramFiles\apache-maven-3.8.4\maven-repo\org\mybatis\spring\boot\mybatis-spring-boot-starter\2.1.4\mybatis-spring-boot-starter-2.1.4.jar;D:\ProgramFiles\apache-maven-3.8.4\maven-repo\org\springframework\boot\spring-boot-starter-jdbc\2.6.1\spring-boot-starter-jdbc-2.6.1.jar;D:\ProgramFiles\apache-maven-3.8.4\maven-repo\com\zaxxer\HikariCP\4.0.3\HikariCP-4.0.3.jar;D:\ProgramFiles\apache-maven-3.8.4\maven-repo\org\springframework\spring-jdbc\5.3.13\spring-jdbc-5.3.13.jar;D:\ProgramFiles\apache-maven-3.8.4\maven-repo\org\springframework\spring-tx\5.3.13\spring-tx-5.3.13.jar;D:\ProgramFiles\apache-maven-3.8.4\maven-repo\org\mybatis\spring\boot\mybatis-spring-boot-autoconfigure\2.1.4\mybatis-spring-boot-autoconfigure-2.1.4.jar;D:\ProgramFiles\apache-maven-3.8.4\maven-repo\org\mybatis\mybatis\3.5.6\mybatis-3.5.6.jar;D:\ProgramFiles\apache-maven-3.8.4\maven-repo\org\mybatis\mybatis-spring\2.0.6\mybatis-spring-2.0.6.jar;"/>
    <property name="sun.cpu.endian" value="little"/>
    <property name="user.home" value="C:\Users\xx"/>
    <property name="user.language" value="zh"/>
    <property name="java.specification.vendor" value="Oracle Corporation"/>
    <property name="java.home" value="D:\ProgramFiles\Java\jdk1.8.0_311\jre"/>
    <property name="basedir" value="D:\workspace_idea\springboot\ems-jsp"/>
    <property name="file.separator" value="\"/>
    <property name="line.separator" value="&#10;"/>
    <property name="java.vm.specification.vendor" value="Oracle Corporation"/>
    <property name="java.specification.name" value="Java Platform API Specification"/>
    <property name="java.awt.graphicsenv" value="sun.awt.Win32GraphicsEnvironment"/>
    <property name="surefire.real.class.path" value="C:\Users\xx\AppData\Local\Temp\surefire4659421755112859597\surefirebooter6052884474166732941.jar"/>
    <property name="sun.boot.class.path" value="D:\ProgramFiles\Java\jdk1.8.0_311\jre\lib\resources.jar;D:\ProgramFiles\Java\jdk1.8.0_311\jre\lib\rt.jar;D:\ProgramFiles\Java\jdk1.8.0_311\jre\lib\sunrsasign.jar;D:\ProgramFiles\Java\jdk1.8.0_311\jre\lib\jsse.jar;D:\ProgramFiles\Java\jdk1.8.0_311\jre\lib\jce.jar;D:\ProgramFiles\Java\jdk1.8.0_311\jre\lib\charsets.jar;D:\ProgramFiles\Java\jdk1.8.0_311\jre\lib\jfr.jar;D:\ProgramFiles\Java\jdk1.8.0_311\jre\classes"/>
    <property name="user.script" value=""/>
    <property name="sun.management.compiler" value="HotSpot 64-Bit Tiered Compilers"/>
    <property name="java.runtime.version" value="1.8.0_311-b11"/>
    <property name="user.name" value="xiaoxing"/>
    <property name="path.separator" value=";"/>
    <property name="os.version" value="10.0"/>
    <property name="java.endorsed.dirs" value="D:\ProgramFiles\Java\jdk1.8.0_311\jre\lib\endorsed"/>
    <property name="java.runtime.name" value="Java(TM) SE Runtime Environment"/>
    <property name="file.encoding" value="GBK"/>
    <property name="java.vm.name" value="Java HotSpot(TM) 64-Bit Server VM"/>
    <property name="localRepository" value="D:\ProgramFiles\apache-maven-3.8.4\maven-repo"/>
    <property name="java.vendor.url.bug" value="http://bugreport.sun.com/bugreport/"/>
    <property name="java.io.tmpdir" value="C:\Users\xx\AppData\Local\Temp\"/>
    <property name="idea.version" value="2021.2"/>
    <property name="java.version" value="1.8.0_311"/>
    <property name="user.dir" value="D:\workspace_idea\springboot\ems-jsp"/>
    <property name="os.arch" value="amd64"/>
    <property name="java.vm.specification.name" value="Java Virtual Machine Specification"/>
    <property name="java.awt.printerjob" value="sun.awt.windows.WPrinterJob"/>
    <property name="sun.os.patch.level" value=""/>
    <property name="java.library.path" value="D:\ProgramFiles\Java\jdk1.8.0_311\jre\bin;C:\WINDOWS\Sun\Java\bin;C:\WINDOWS\system32;C:\WINDOWS;C:\Program Files (x86)\Common Files\Oracle\Java\javapath;C:\WINDOWS\system32\WBEM;C:\WINDOWS\system32\WBEM;C:\WINDOWS\system32\WBEM;C:\WINDOWS\system32\WBEM;C:\WINDOWS\system32\WBEM;C:\WINDOWS\system32\WBEM;C:\WINDOWS\system32\WBEM;C:\WINDOWS\system32\WBEM;C:\WINDOWS\system32\WBEM;C:\WINDOWS\system32\WBEM;C:\WINDOWS\system32\WBEM;C:\ProgramData\Oracle\Java\javapath;C:\WINDOWS\system32\WBEM;C:\WINDOWS\system32\WBEM;C:\WINDOWS\system32;C:\WINDOWS;C:\WINDOWS\System32\Wbem;C:\WINDOWS\System32\WindowsPowerShell\v1.0\;C:\WINDOWS\System32\OpenSSH\;C:\Program Files\Microsoft SQL Server\130\Tools\Binn\;C:\Program Files\dotnet\;C:\Program Files (x86)\GtkSharp\2.12\bin;C:\Program Files (x86)\CodeBlocks\MinGW\bin;C:\TDM-GCC-32\gcc\bin;D:\chooseclass\app\runtime\win64;D:\chooseclass\app\bin;E:\MySQL\mysql-8.0.22-winx64\bin;C:\Program Files\NVIDIA Corporation\NVIDIA NvDLISR;C:\Program Files (x86)\NVIDIA Corporation\PhysX\Common;E:\Python;D:\ProgramFiles\Apache Software Foundation\Tomcat 9.0\bin;D:\ProgramFiles\Apache Software Foundation\Tomcat 9.0\lib;C:\Program Files (x86)\dotnet\;D:\Python\Python38\Scripts\;D:\Python\Python38\;C:\Users\xx\AppData\Local\Microsoft\WindowsApps;C:\Program Files\Bandizip\;D:\ProgramFiles\JetBrains\PyCharm 2020.3.5\bin;D:\ProgramFiles\JetBrains\PyCharm Community Edition 2020.3.5\bin;D:\ProgramFiles\JetBrains\IntelliJ IDEA 2021.1\bin;D:\ProgramFiles\Java\jdk1.8.0_311\bin;D:\ProgramFiles\Java\jre1.8.0_311\bin;D:\ProgramFiles\apache-maven-3.8.4\bin\;D:\ProgramFiles\Git\cmd;D:\Python\Python38\Scripts\;D:\Python\Python38\;C:\Users\xx\AppData\Local\Microsoft\WindowsApps;C:\Program Files\Bandizip\;D:\Program Files\JetBrains\PyCharm 2020.3.5\bin;;D:\Program Files\JetBrains\PyCharm Community Edition 2020.3.5\bin;;D:\Program Files\JetBrains\IntelliJ IDEA 2021.1\bin;;."/>
    <property name="java.vm.info" value="mixed mode"/>
    <property name="java.vendor" value="Oracle Corporation"/>
    <property name="java.vm.version" value="25.311-b11"/>
    <property name="java.ext.dirs" value="D:\ProgramFiles\Java\jdk1.8.0_311\jre\lib\ext;C:\WINDOWS\Sun\Java\lib\ext"/>
    <property name="sun.io.unicode.encoding" value="UnicodeLittle"/>
    <property name="maven.repo.local" value="D:\ProgramFiles\apache-maven-3.8.4\maven-repo"/>
    <property name="java.class.version" value="52.0"/>
  </properties>
  <testcase name="contextLoads" classname="com.xx.EmsJspApplicationTests" time="0.26"/>
</testsuite>